Build started 21/07/2016 17:00:08.
     1>Project "D:\image\upload\PUimage\PUimage.vcxproj" on node 2 (Build target(s)).
     1>ClCompile:
         C:\Program Files (x86)\Microsoft Visual Studio 12.0\VC\bin\CL.exe /c /ID:\opencv\build\include /ZI /nologo /W3 /WX- /sdl /Od /Oy- /D WIN32 /D _WINDOWS /D _DEBUG /D _MBCS /D _AFXDLL /Gm /EHsc /RTC1 /MDd /GS /fp:precise /Zc:wchar_t /Zc:forScope /Yu"stdafx.h" /Fp"Debug\PUimage.pch" /Fo"Debug\\" /Fd"Debug\vc120.pdb" /Gd /TP /analyze- /errorReport:prompt PUimageView.cpp VideoPlay.cpp
         VideoPlay.cpp
         Generating Code...
         Skipping... (no relevant changes detected)
         PUimageView.cpp
       Link:
         C:\Program Files (x86)\Microsoft Visual Studio 12.0\VC\bin\link.exe /ERRORREPORT:PROMPT /OUT:"D:\image\upload\Debug\PUimage.exe" /INCREMENTAL /NOLOGO /LIBPATH:D:\opencv\build\x86\vc12\bin /LIBPATH:D:\opencv\build\x86\vc12\lib /LIBPATH:D:\opencv\build\x86\vc12\staticlib opencv_world300d.lib /MANIFEST /MANIFESTUAC:"level='asInvoker' uiAccess='false'" /manifest:embed /manifestinput:"C:\Program Files (x86)\Microsoft Visual Studio 12.0\VC\Include\Manifest\dpiaware.manifest" /DEBUG /PDB:"D:\image\upload\Debug\PUimage.pdb" /SUBSYSTEM:WINDOWS /TLBID:1 /DYNAMICBASE /NXCOMPAT /IMPLIB:"D:\image\upload\Debug\PUimage.lib" /MACHINE:X86 Debug\PUimage.res
         Debug\AddFunct.obj
         Debug\BrightContrast.obj
         Debug\BrightDlg.obj
         Debug\ChildFrm.obj
         Debug\ContrastDlg.obj
         Debug\Cvvimage.obj
         Debug\EulerianDlg.obj
         Debug\MainFrm.obj
         Debug\Motion.obj
         Debug\PrevDlg.obj
         Debug\PUimage.obj
         Debug\PUimageDoc.obj
         Debug\PUimageView.obj
         Debug\ResizeDlg.obj
         Debug\RotateDlg.obj
         Debug\SkinColor.obj
         Debug\stdafx.obj
         Debug\VideoPlay.obj
         PUimage.vcxproj -> D:\image\upload\Debug\PUimage.exe
     1>Done Building Project "D:\image\upload\PUimage\PUimage.vcxproj" (Build target(s)).

Build succeeded.

Time Elapsed 00:00:01.84
