d:\image\puimage - copy (2)\puimage\debug\puimage.pch
d:\image\puimage - copy (2)\puimage\debug\vc120.pdb
d:\image\puimage - copy (2)\puimage\debug\vc120.idb
d:\image\puimage - copy (2)\puimage\debug\stdafx.obj
d:\image\puimage - copy (2)\puimage\debug\addfunct.obj
d:\image\puimage - copy (2)\puimage\debug\skincolor.obj
d:\image\puimage - copy (2)\puimage\debug\brightcontrast.obj
d:\image\puimage - copy (2)\puimage\debug\brightdlg.obj
d:\image\puimage - copy (2)\puimage\debug\childfrm.obj
d:\image\puimage - copy (2)\puimage\debug\contrastdlg.obj
d:\image\puimage - copy (2)\puimage\debug\cvvimage.obj
d:\image\puimage - copy (2)\puimage\debug\euleriandlg.obj
d:\image\puimage - copy (2)\puimage\debug\mainfrm.obj
d:\image\puimage - copy (2)\puimage\debug\manification.obj
d:\image\puimage - copy (2)\puimage\debug\motion.obj
d:\image\puimage - copy (2)\puimage\debug\prevdlg.obj
d:\image\puimage - copy (2)\puimage\debug\puimage.obj
d:\image\puimage - copy (2)\puimage\debug\puimagedoc.obj
d:\image\puimage - copy (2)\puimage\debug\puimageview.obj
d:\image\puimage - copy (2)\puimage\debug\resizedlg.obj
d:\image\puimage - copy (2)\puimage\debug\rotatedlg.obj
d:\image\puimage - copy (2)\puimage\debug\videoplay.obj
d:\image\puimage - copy (2)\debug\puimage.ilk
d:\image\puimage - copy (2)\debug\puimage.exe
d:\image\puimage - copy (2)\debug\puimage.pdb
d:\image\puimage - copy (2)\puimage\debug\puimage.res
d:\image\puimage - copy (2)\puimage\debug\puimage.tlog\cl.command.1.tlog
d:\image\puimage - copy (2)\puimage\debug\puimage.tlog\cl.read.1.tlog
d:\image\puimage - copy (2)\puimage\debug\puimage.tlog\cl.write.1.tlog
d:\image\puimage - copy (2)\puimage\debug\puimage.tlog\link.command.1.tlog
d:\image\puimage - copy (2)\puimage\debug\puimage.tlog\link.read.1.tlog
d:\image\puimage - copy (2)\puimage\debug\puimage.tlog\link.write.1.tlog
d:\image\puimage - copy (2)\puimage\debug\puimage.tlog\rc.command.1.tlog
d:\image\puimage - copy (2)\puimage\debug\puimage.tlog\rc.read.1.tlog
d:\image\puimage - copy (2)\puimage\debug\puimage.tlog\rc.write.1.tlog
