  stdafx.cpp
  ZoomDlg.cpp
  ThresholdDlg.cpp
  StretchDlg.cpp
  sizecbar.cpp
  scbarg.cpp
  RotateDlg.cpp
  PreviewDlg.cpp
  PrevDlg.cpp
  PowerTranDlg.cpp
  MyDib.cpp
  MoveTranDlg.cpp
  MirTranDlg.cpp
  MainFrm.cpp
  PUimageView.cpp
  PUimageDoc.cpp
  PUimage.cpp
  LogTranDlg.cpp
  LineTranDlg.cpp
  JpegDecoder.cpp
\\icnas1.cc.ic.ac.uk\sf2715\desktop\github\mscproject\puimagev.1.0\mfc version\puimage\jpegdecoder.cpp(78): warning C4102: 'signed_value': unreferenced label
  improve.cpp
\\icnas1.cc.ic.ac.uk\sf2715\desktop\github\mscproject\puimagev.1.0\mfc version\puimage\improve.cpp(582): warning C4244: '=': conversion from 'double' to 'int', possible loss of data
\\icnas1.cc.ic.ac.uk\sf2715\desktop\github\mscproject\puimagev.1.0\mfc version\puimage\improve.cpp(669): warning C4101: 'c': unreferenced local variable
  Generating Code...
  Compiling...
  HistogramDlg.cpp
  GrayOperator.cpp
  GeoOperator.cpp
  ExpTranDlg.cpp
  EffectDisplay.cpp
  CoolTabCtrl.cpp
  Generating Code...
CoolTabCtrl.obj : warning LNK4075: ignoring '/EDITANDCONTINUE' due to '/SAFESEH' specification
  MagicHouse.vcxproj -> \\icnas1.cc.ic.ac.uk\sf2715\Desktop\GitHub\MscProject\PUimageV.1.0\MFC Version\PUimage\Debug\PUimage.exe
